<?xml version="1.0" encoding="UTF-8"?>
<!-- Generated by org.testng.reporters.JUnitXMLReporter -->
<testsuite hostname="INW-169" name="Test" tests="41" failures="0" timestamp="9 Apr 2019 12:01:50 GMT" time="0.069" errors="0">
  <testcase name="@BeforeSuite Setup" time="0.0" classname="SupportAndServices.InputSupport">
    <failure type="java.lang.NoClassDefFoundError" message="com/aventstack/extentreports/reporter/ExtentHtmlReporter">
      <![CDATA[java.lang.NoClassDefFoundError: com/aventstack/extentreports/reporter/ExtentHtmlReporter
	at HomePage.BaseTest.Setup(BaseTest.java:37)
Caused by: java.lang.ClassNotFoundException: com.aventstack.extentreports.reporter.ExtentHtmlReporter
	at java.net.URLClassLoader.findClass(Unknown Source)
	at java.lang.ClassLoader.loadClass(Unknown Source)
	at sun.misc.Launcher$AppClassLoader.loadClass(Unknown Source)
	at java.lang.ClassLoader.loadClass(Unknown Source)
	... 18 more
... Removed 17 stack frames]]>
    </failure>
  </testcase> <!-- @BeforeSuite Setup -->
  <testcase name="@AfterMethod getResult" time="0.0" classname="SupportAndServices.InputSupport">
    <skipped/>
  </testcase> <!-- @AfterMethod getResult -->
  <testcase name="@AfterMethod getResult" time="0.0" classname="SupportAndServices.InputSupport">
    <skipped/>
  </testcase> <!-- @AfterMethod getResult -->
  <testcase name="@AfterMethod getResult" time="0.0" classname="SupportAndServices.InputSupport">
    <skipped/>
  </testcase> <!-- @AfterMethod getResult -->
  <testcase name="@AfterMethod getResult" time="0.0" classname="SupportAndServices.LeftPannel">
    <skipped/>
  </testcase> <!-- @AfterMethod getResult -->
  <testcase name="@AfterMethod getResult" time="0.0" classname="SupportAndServices.LeftPannel">
    <skipped/>
  </testcase> <!-- @AfterMethod getResult -->
  <testcase name="@AfterMethod getResult" time="0.0" classname="SupportAndServices.LeftPannel">
    <skipped/>
  </testcase> <!-- @AfterMethod getResult -->
  <testcase name="@AfterMethod getResult" time="0.0" classname="SupportAndServices.LeftPannel">
    <skipped/>
  </testcase> <!-- @AfterMethod getResult -->
  <testcase name="@AfterMethod getResult" time="0.0" classname="SupportAndServices.LeftPannel">
    <skipped/>
  </testcase> <!-- @AfterMethod getResult -->
  <testcase name="@AfterMethod getResult" time="0.0" classname="SupportAndServices.LeftPannel">
    <skipped/>
  </testcase> <!-- @AfterMethod getResult -->
  <testcase name="@AfterMethod getResult" time="0.0" classname="Solutions.Solutions">
    <skipped/>
  </testcase> <!-- @AfterMethod getResult -->
  <testcase name="@AfterMethod getResult" time="0.0" classname="HomePage.Header">
    <skipped/>
  </testcase> <!-- @AfterMethod getResult -->
  <testcase name="@AfterMethod getResult" time="0.0" classname="HomePage.Header">
    <skipped/>
  </testcase> <!-- @AfterMethod getResult -->
  <testcase name="@AfterMethod getResult" time="0.0" classname="HomePage.Header">
    <skipped/>
  </testcase> <!-- @AfterMethod getResult -->
  <testcase name="@AfterMethod getResult" time="0.0" classname="HomePage.Header">
    <skipped/>
  </testcase> <!-- @AfterMethod getResult -->
  <testcase name="@AfterMethod getResult" time="0.0" classname="HomePage.Header">
    <skipped/>
  </testcase> <!-- @AfterMethod getResult -->
  <testcase name="@AfterMethod getResult" time="0.0" classname="HomePage.Header">
    <skipped/>
  </testcase> <!-- @AfterMethod getResult -->
  <testcase name="@AfterMethod getResult" time="0.0" classname="HomePage.Header">
    <skipped/>
  </testcase> <!-- @AfterMethod getResult -->
  <testcase name="@AfterMethod getResult" time="0.0" classname="HomePage.Header">
    <skipped/>
  </testcase> <!-- @AfterMethod getResult -->
  <testcase name="@AfterMethod getResult" time="0.0" classname="CustomerSuccess.FilterBy">
    <skipped/>
  </testcase> <!-- @AfterMethod getResult -->
  <testcase name="@AfterMethod getResult" time="0.0" classname="CustomerSuccess.FilterBy">
    <skipped/>
  </testcase> <!-- @AfterMethod getResult -->
  <testcase name="@AfterMethod getResult" time="0.0" classname="CustomerSuccess.FilterBy">
    <skipped/>
  </testcase> <!-- @AfterMethod getResult -->
  <testcase name="@AfterMethod getResult" time="0.0" classname="CustomerSuccess.FilterBy">
    <skipped/>
  </testcase> <!-- @AfterMethod getResult -->
  <testcase name="@AfterMethod getResult" time="0.0" classname="CustomerSuccess.FilterBy">
    <skipped/>
  </testcase> <!-- @AfterMethod getResult -->
  <testcase name="@AfterMethod getResult" time="0.0" classname="CustomerSuccess.FilterBy">
    <skipped/>
  </testcase> <!-- @AfterMethod getResult -->
  <testcase name="@AfterMethod getResult" time="0.0" classname="CustomerSuccess.FilterBy">
    <skipped/>
  </testcase> <!-- @AfterMethod getResult -->
  <testcase name="@AfterMethod getResult" time="0.0" classname="CustomerSuccess.FilterBy">
    <skipped/>
  </testcase> <!-- @AfterMethod getResult -->
  <testcase name="@AfterMethod getResult" time="0.0" classname="CustomerSuccess.SortBy">
    <skipped/>
  </testcase> <!-- @AfterMethod getResult -->
  <testcase name="@AfterMethod getResult" time="0.0" classname="SupportAndServices.Events">
    <skipped/>
  </testcase> <!-- @AfterMethod getResult -->
  <testcase name="@AfterMethod getResult" time="0.0" classname="Products.Products">
    <skipped/>
  </testcase> <!-- @AfterMethod getResult -->
  <testcase name="@AfterMethod getResult" time="0.0" classname="SupportAndServices.Ideas">
    <skipped/>
  </testcase> <!-- @AfterMethod getResult -->
  <testcase name="@AfterMethod getResult" time="0.0" classname="SupportAndServices.Ideas">
    <skipped/>
  </testcase> <!-- @AfterMethod getResult -->
  <testcase name="@AfterMethod getResult" time="0.0" classname="SupportAndServices.Ideas">
    <skipped/>
  </testcase> <!-- @AfterMethod getResult -->
  <testcase name="@AfterMethod getResult" time="0.0" classname="HomePage.MidContent">
    <skipped/>
  </testcase> <!-- @AfterMethod getResult -->
  <testcase name="@AfterMethod getResult" time="0.0" classname="Events.EventManagement">
    <skipped/>
  </testcase> <!-- @AfterMethod getResult -->
  <testcase name="@AfterMethod getResult" time="0.0" classname="Events.EventManagement">
    <skipped/>
  </testcase> <!-- @AfterMethod getResult -->
  <testcase name="@AfterMethod getResult" time="0.0" classname="Events.EventManagement">
    <skipped/>
  </testcase> <!-- @AfterMethod getResult -->
  <testcase name="@AfterMethod getResult" time="0.0" classname="SupportAndServices.Answers">
    <skipped/>
  </testcase> <!-- @AfterMethod getResult -->
  <testcase name="@AfterMethod getResult" time="0.0" classname="SupportAndServices.Answers">
    <skipped/>
  </testcase> <!-- @AfterMethod getResult -->
  <testcase name="@AfterMethod getResult" time="0.0" classname="HomePage.Footer">
    <skipped/>
  </testcase> <!-- @AfterMethod getResult -->
  <testcase name="@AfterMethod getResult" time="0.015" classname="HomePage.Footer">
    <skipped/>
  </testcase> <!-- @AfterMethod getResult -->
  <testcase name="@AfterMethod getResult" time="0.0" classname="HomePage.Footer">
    <skipped/>
  </testcase> <!-- @AfterMethod getResult -->
  <testcase name="NavigateTopResults" time="0.0" classname="SupportAndServices.InputSupport">
    <skipped/>
  </testcase> <!-- NavigateTopResults -->
  <testcase name="SearchInput" time="0.001" classname="SupportAndServices.InputSupport">
    <skipped/>
  </testcase> <!-- SearchInput -->
  <testcase name="VisitTopResults" time="0.0" classname="SupportAndServices.InputSupport">
    <skipped/>
  </testcase> <!-- VisitTopResults -->
  <testcase name="ContentType" time="0.0" classname="SupportAndServices.LeftPannel">
    <skipped/>
  </testcase> <!-- ContentType -->
  <testcase name="Experience" time="0.0" classname="SupportAndServices.LeftPannel">
    <skipped/>
  </testcase> <!-- Experience -->
  <testcase name="NavTabclass" time="0.0" classname="SupportAndServices.LeftPannel">
    <skipped/>
  </testcase> <!-- NavTabclass -->
  <testcase name="SelectAllLangugaes" time="0.001" classname="SupportAndServices.LeftPannel">
    <skipped/>
  </testcase> <!-- SelectAllLangugaes -->
  <testcase name="SelectRandom" time="0.0" classname="SupportAndServices.LeftPannel">
    <skipped/>
  </testcase> <!-- SelectRandom -->
  <testcase name="TopicsSelectAll" time="0.0" classname="SupportAndServices.LeftPannel">
    <skipped/>
  </testcase> <!-- TopicsSelectAll -->
  <testcase name="RadioOptions" time="0.0" classname="Solutions.Solutions">
    <skipped/>
  </testcase> <!-- RadioOptions -->
  <testcase name="ContactUsSelect1" time="0.0" classname="HomePage.Header">
    <skipped/>
  </testcase> <!-- ContactUsSelect1 -->
  <testcase name="ContactUsSelect2" time="0.0" classname="HomePage.Header">
    <skipped/>
  </testcase> <!-- ContactUsSelect2 -->
  <testcase name="ContactUsSelect3" time="0.0" classname="HomePage.Header">
    <skipped/>
  </testcase> <!-- ContactUsSelect3 -->
  <testcase name="Globe" time="0.001" classname="HomePage.Header">
    <skipped/>
  </testcase> <!-- Globe -->
  <testcase name="InputSearch" time="0.0" classname="HomePage.Header">
    <skipped/>
  </testcase> <!-- InputSearch -->
  <testcase name="InputTypeAndErase" time="0.0" classname="HomePage.Header">
    <skipped/>
  </testcase> <!-- InputTypeAndErase -->
  <testcase name="LoginClick" time="0.0" classname="HomePage.Header">
    <skipped/>
  </testcase> <!-- LoginClick -->
  <testcase name="NavBarHover" time="0.0" classname="HomePage.Header">
    <skipped/>
  </testcase> <!-- NavBarHover -->
  <testcase name="BusinessSize" time="0.0" classname="CustomerSuccess.FilterBy">
    <skipped/>
  </testcase> <!-- BusinessSize -->
  <testcase name="BusinessType" time="0.0" classname="CustomerSuccess.FilterBy">
    <skipped/>
  </testcase> <!-- BusinessType -->
  <testcase name="ClearAll" time="0.0" classname="CustomerSuccess.FilterBy">
    <skipped/>
  </testcase> <!-- ClearAll -->
  <testcase name="Industry" time="0.0" classname="CustomerSuccess.FilterBy">
    <skipped/>
  </testcase> <!-- Industry -->
  <testcase name="Products" time="0.001" classname="CustomerSuccess.FilterBy">
    <skipped/>
  </testcase> <!-- Products -->
  <testcase name="SeeTheStory" time="0.0" classname="CustomerSuccess.FilterBy">
    <skipped/>
  </testcase> <!-- SeeTheStory -->
  <testcase name="ShowMore" time="0.0" classname="CustomerSuccess.FilterBy">
    <skipped/>
  </testcase> <!-- ShowMore -->
  <testcase name="Topics" time="0.0" classname="CustomerSuccess.FilterBy">
    <skipped/>
  </testcase> <!-- Topics -->
  <testcase name="FilterCustomer" time="0.0" classname="CustomerSuccess.SortBy">
    <skipped/>
  </testcase> <!-- FilterCustomer -->
  <testcase name="EnterInfo" time="0.0" classname="SupportAndServices.Events">
    <skipped/>
  </testcase> <!-- EnterInfo -->
  <testcase name="HoverTabs" time="0.0" classname="Products.Products">
    <skipped/>
  </testcase> <!-- HoverTabs -->
  <testcase name="SelectAllOptionsOnLeft" time="0.0" classname="SupportAndServices.Ideas">
    <skipped/>
  </testcase> <!-- SelectAllOptionsOnLeft -->
  <testcase name="SortDropdown" time="0.0" classname="SupportAndServices.Ideas">
    <skipped/>
  </testcase> <!-- SortDropdown -->
  <testcase name="StatusFilterDropdown" time="0.0" classname="SupportAndServices.Ideas">
    <skipped/>
  </testcase> <!-- StatusFilterDropdown -->
  <testcase name="SalesForceCustomerSuccess" time="0.0" classname="HomePage.MidContent">
    <skipped/>
  </testcase> <!-- SalesForceCustomerSuccess -->
  <testcase name="SelectEvent" time="0.0" classname="Events.EventManagement">
    <skipped/>
  </testcase> <!-- SelectEvent -->
  <testcase name="SelectEventCountry" time="0.0" classname="Events.EventManagement">
    <skipped/>
  </testcase> <!-- SelectEventCountry -->
  <testcase name="ViewMore" time="0.0" classname="Events.EventManagement">
    <skipped/>
  </testcase> <!-- ViewMore -->
  <testcase name="SelectAllTopics" time="0.0" classname="SupportAndServices.Answers">
    <skipped/>
  </testcase> <!-- SelectAllTopics -->
  <testcase name="ShowsolvedDropdown" time="0.0" classname="SupportAndServices.Answers">
    <skipped/>
  </testcase> <!-- ShowsolvedDropdown -->
  <testcase name="AboutSalesForce" time="0.0" classname="HomePage.Footer">
    <skipped/>
  </testcase> <!-- AboutSalesForce -->
  <testcase name="NewToSalesForce" time="0.0" classname="HomePage.Footer">
    <skipped/>
  </testcase> <!-- NewToSalesForce -->
  <testcase name="PopularLinks" time="0.0" classname="HomePage.Footer">
    <skipped/>
  </testcase> <!-- PopularLinks -->
</testsuite> <!-- Test -->
